<?xml version="1.0" encoding="UTF-8"?>
<testsuite xmlns:xsi="http://www.w3.org/2001/XMLSchema-instance" xsi:noNamespaceSchemaLocation="https://maven.apache.org/surefire/maven-surefire-plugin/xsd/surefire-test-report-3.0.xsd" version="3.0" name="TestSuite" time="319.213" tests="21" errors="0" skipped="0" failures="0">
  <properties>
[...]
</properties>
  <testcase name="verify_HomePageTitle" classname="testcases.HomePageTest" time="0.012"/>
  <testcase name="verify_HomePageLogo" classname="testcases.HomePageTest" time="0.03"/>
  <testcase name="verify_loginPageTitle" classname="testcases.LoginPageTest" time="0.005"/>
  <testcase name="loginTest" classname="testcases.LoginPageTest" time="2.226"/>
  <testcase name="verify_accountPage_title" classname="testcases.AccountPageTest" time="0.004"/>
  <testcase name="verify_username_display" classname="testcases.AccountPageTest" time="0.025"/>
  <testcase name="search_box_test" classname="testcases.AccountPageTest" time="2.229"/>
  <testcase name="get_pageTitle" classname="testcases.SearchResultPageTest" time="0.005"/>
  <testcase name="get_resultTxt" classname="testcases.SearchResultPageTest" time="0.025"/>
  <testcase name="pick_product" classname="testcases.SearchResultPageTest" time="3.8"/>
  <testcase name="verify_Add_to_cartPage_title" classname="testcases.AddToCardPageTest" time="0.007"/>
  <testcase name="pick_quantity_size" classname="testcases.AddToCardPageTest" time="2.532"/>
  <testcase name="verify_product_available" classname="testcases.OrderPageTest" time="0.019"/>
  <testcase name="validate_product_name" classname="testcases.OrderPageTest" time="0.02"/>
  <testcase name="validate_product_size" classname="testcases.OrderPageTest" time="0.017"/>
  <testcase name="validate_product_price" classname="testcases.OrderPageTest" time="0.096"/>
  <testcase name="verify_AddressPage_title" classname="testcases.AddressPageTest" time="0.004"/>
  <testcase name="validate_address" classname="testcases.AddressPageTest" time="0.019"/>
  <testcase name="shipping_test" classname="testcases.ShippingPageTest" time="1.132"/>
  <testcase name="PaymentTest" classname="testcases.PaymentPageTest" time="0.962"/>
  <testcase name="confirmation_order_message" classname="testcases.EndToEndTest" time="0.01"/>
</testsuite>